<?xml version="1.0" encoding="UTF-8"?>
<testsuite name="com.example.bitway_back.BitWayBackApplicationTests" tests="1" skipped="0" failures="0" errors="0" timestamp="2025-07-17T08:44:21.882Z" hostname="ijunhyeog-ui-Macmini.local" time="0.403">
  <properties/>
  <testcase name="contextLoads()" classname="com.example.bitway_back.BitWayBackApplicationTests" time="0.403"/>
  <system-out><![CDATA[17:44:20.818 [Test worker] INFO org.springframework.test.context.support.AnnotationConfigContextLoaderUtils -- Could not detect default configuration classes for test class [com.example.bitway_back.BitWayBackApplicationTests]: BitWayBackApplicationTests does not declare any static, non-private, non-final, nested classes annotated with @Configuration.
17:44:20.894 [Test worker] INFO org.springframework.boot.test.context.SpringBootTestContextBootstrapper -- Found @SpringBootConfiguration com.example.bitway_back.BitWayBackApplication for test class com.example.bitway_back.BitWayBackApplicationTests

  .   ____          _            __ _ _
 /\\ / ___'_ __ _ _(_)_ __  __ _ \ \ \ \
( ( )\___ | '_ | '_| | '_ \/ _` | \ \ \ \
 \\/  ___)| |_)| | | | | || (_| |  ) ) ) )
  '  |____| .__|_| |_|_| |_\__, | / / / /
 =========|_|==============|___/=/_/_/_/
 :: Spring Boot ::                (v3.2.5)

2025-07-17T17:44:21.173+09:00  INFO 58572 --- [    Test worker] c.e.b.BitWayBackApplicationTests         : Starting BitWayBackApplicationTests using Java 17.0.7 with PID 58572 (started by junhyeok_sport2i in /Users/junhyeok_sport2i/BitWay-back)
2025-07-17T17:44:21.173+09:00  INFO 58572 --- [    Test worker] c.e.b.BitWayBackApplicationTests         : No active profile set, falling back to 1 default profile: "default"
2025-07-17T17:44:21.829+09:00  INFO 58572 --- [    Test worker] o.s.b.a.e.web.EndpointLinksResolver      : Exposing 1 endpoint(s) beneath base path '/actuator'
2025-07-17T17:44:21.856+09:00  INFO 58572 --- [    Test worker] c.e.b.BitWayBackApplicationTests         : Started BitWayBackApplicationTests in 0.855 seconds (process running for 1.509)
]]></system-out>
  <system-err><![CDATA[]]></system-err>
</testsuite>
